<?xml version="1.0" encoding="UTF-8"?>
<!-- Generated by org.testng.reporters.JUnitReportReporter -->
<testsuite skipped="0" hostname="DESKTOP-R9VJGBE" name="seleniumprograms.Demo1" tests="1" failures="0" timestamp="29 Aug 2018 10:50:09 GMT" time="19.595" errors="0">
  <testcase name="checkURL" time="19.595" classname="seleniumprograms.Demo1"/>
</testsuite> <!-- seleniumprograms.Demo1 -->
