<?xml version="1.0" encoding="UTF-8"?>
<!-- Generated by org.testng.reporters.JUnitReportReporter -->
<testsuite skipped="0" hostname="DESKTOP-R9VJGBE" name="seleniumprograms.Demo" tests="1" failures="0" timestamp="25 Aug 2018 09:31:17 GMT" time="9.389" errors="0">
  <testcase name="launchingbrowser" time="9.389" classname="seleniumprograms.Demo"/>
</testsuite> <!-- seleniumprograms.Demo -->
