<?xml version="1.0" encoding="UTF-8"?>
<!-- Generated by org.testng.reporters.JUnitReportReporter -->
<testsuite skipped="0" hostname="DESKTOP-R9VJGBE" name="com.erp.test.ValidLogin" tests="1" failures="0" timestamp="12 Sep 2018 08:20:58 GMT" time="11.218" errors="0">
  <testcase name="testValidLogin" time="11.218" classname="com.erp.test.ValidLogin"/>
</testsuite> <!-- com.erp.test.ValidLogin -->
